<?xml version="1.0" encoding="UTF-8"?>
<coverage generated="1574475411667" clover="3.2.0">
  <project timestamp="1574475411667" name="All files">
    <metrics statements="85" coveredstatements="70" conditionals="54" coveredconditionals="34" methods="19" coveredmethods="17" elements="158" coveredelements="121" complexity="0" loc="85" ncloc="85" packages="1" files="4" classes="4"/>
    <file name="InvalidJsonError.ts" path="/Users/ryanlondon/Documents/Experiments/ts-json-parser/src/lib/InvalidJsonError.ts">
      <metrics statements="3" coveredstatements="2" conditionals="2" coveredconditionals="0" methods="2" coveredmethods="1"/>
      <line num="1" count="1" type="stmt"/>
      <line num="3" count="0" type="cond" truecount="0" falsecount="2"/>
      <line num="5" count="1" type="stmt"/>
    </file>
    <file name="Stream.ts" path="/Users/ryanlondon/Documents/Experiments/ts-json-parser/src/lib/Stream.ts">
      <metrics statements="13" coveredstatements="13" conditionals="2" coveredconditionals="2" methods="6" coveredmethods="6"/>
      <line num="9" count="2" type="stmt"/>
      <line num="13" count="27" type="stmt"/>
      <line num="14" count="27" type="stmt"/>
      <line num="15" count="27" type="stmt"/>
      <line num="18" count="149" type="stmt"/>
      <line num="19" count="105" type="stmt"/>
      <line num="20" count="98" type="stmt"/>
      <line num="22" count="27" type="stmt"/>
      <line num="23" count="7" type="stmt"/>
      <line num="24" count="7" type="cond" truecount="2" falsecount="0"/>
      <line num="25" count="37" type="stmt"/>
      <line num="27" count="7" type="stmt"/>
      <line num="29" count="2" type="stmt"/>
    </file>
    <file name="Tokenize.ts" path="/Users/ryanlondon/Documents/Experiments/ts-json-parser/src/lib/Tokenize.ts">
      <metrics statements="67" coveredstatements="53" conditionals="50" coveredconditionals="32" methods="9" coveredmethods="8"/>
      <line num="1" count="1" type="stmt"/>
      <line num="2" count="1" type="stmt"/>
      <line num="3" count="1" type="stmt"/>
      <line num="9" count="1" type="stmt"/>
      <line num="11" count="15" type="cond" truecount="2" falsecount="0"/>
      <line num="14" count="15" type="stmt"/>
      <line num="15" count="2" type="cond" truecount="1" falsecount="1"/>
      <line num="16" count="2" type="stmt"/>
      <line num="18" count="2" type="cond" truecount="1" falsecount="1"/>
      <line num="19" count="2" type="cond" truecount="1" falsecount="1"/>
      <line num="20" count="2" type="cond" truecount="1" falsecount="1"/>
      <line num="21" count="2" type="cond" truecount="1" falsecount="1"/>
      <line num="22" count="0" type="cond" truecount="0" falsecount="2"/>
      <line num="23" count="0" type="stmt"/>
      <line num="26" count="15" type="stmt"/>
      <line num="27" count="6" type="cond" truecount="2" falsecount="0"/>
      <line num="28" count="4" type="stmt"/>
      <line num="29" count="4" type="stmt"/>
      <line num="31" count="2" type="cond" truecount="1" falsecount="1"/>
      <line num="32" count="0" type="stmt"/>
      <line num="34" count="2" type="stmt"/>
      <line num="37" count="15" type="stmt"/>
      <line num="38" count="3" type="stmt"/>
      <line num="39" count="3" type="stmt"/>
      <line num="40" count="3" type="stmt"/>
      <line num="42" count="3" type="stmt"/>
      <line num="43" count="48" type="stmt"/>
      <line num="44" count="48" type="cond" truecount="2" falsecount="0"/>
      <line num="45" count="4" type="cond" truecount="4" falsecount="0"/>
      <line num="46" count="4" type="cond" truecount="2" falsecount="0"/>
      <line num="47" count="4" type="cond" truecount="1" falsecount="1"/>
      <line num="48" count="4" type="cond" truecount="1" falsecount="1"/>
      <line num="49" count="4" type="cond" truecount="1" falsecount="1"/>
      <line num="50" count="4" type="cond" truecount="1" falsecount="1"/>
      <line num="51" count="4" type="cond" truecount="1" falsecount="1"/>
      <line num="52" count="4" type="stmt"/>
      <line num="53" count="44" type="cond" truecount="2" falsecount="0"/>
      <line num="54" count="4" type="stmt"/>
      <line num="55" count="40" type="cond" truecount="2" falsecount="0"/>
      <line num="56" count="3" type="stmt"/>
      <line num="58" count="37" type="stmt"/>
      <line num="61" count="3" type="stmt"/>
      <line num="64" count="15" type="stmt"/>
      <line num="66" count="15" type="stmt"/>
      <line num="67" count="3" type="stmt"/>
      <line num="68" count="3" type="cond" truecount="2" falsecount="0"/>
      <line num="69" count="2" type="cond" truecount="2" falsecount="0"/>
      <line num="70" count="1" type="cond" truecount="1" falsecount="1"/>
      <line num="72" count="0" type="stmt"/>
      <line num="75" count="15" type="stmt"/>
      <line num="76" count="4" type="stmt"/>
      <line num="77" count="4" type="stmt"/>
      <line num="78" count="4" type="stmt"/>
      <line num="79" count="2" type="stmt"/>
      <line num="81" count="4" type="stmt"/>
      <line num="84" count="15" type="stmt"/>
      <line num="85" count="0" type="stmt"/>
      <line num="86" count="0" type="stmt"/>
      <line num="87" count="0" type="stmt"/>
      <line num="88" count="0" type="stmt"/>
      <line num="89" count="0" type="cond" truecount="0" falsecount="4"/>
      <line num="90" count="0" type="stmt"/>
      <line num="92" count="0" type="stmt"/>
      <line num="93" count="0" type="stmt"/>
      <line num="94" count="0" type="stmt"/>
      <line num="96" count="0" type="stmt"/>
      <line num="98" count="1" type="stmt"/>
    </file>
    <file name="regexHelpers.ts" path="/Users/ryanlondon/Documents/Experiments/ts-json-parser/src/lib/regexHelpers.ts">
      <metrics statements="2" coveredstatements="2" conditionals="0" coveredconditionals="0" methods="2" coveredmethods="2"/>
      <line num="1" count="12" type="stmt"/>
      <line num="2" count="15" type="stmt"/>
    </file>
  </project>
</coverage>
