{"/Users/ryanlondon/Documents/Experiments/ts-json-parser/src/lib/InvalidJsonError.ts": {"path":"/Users/ryanlondon/Documents/Experiments/ts-json-parser/src/lib/InvalidJsonError.ts","statementMap":{"0":{"start":{"line":1,"column":0},"end":{"line":1,"column":null}},"1":{"start":{"line":1,"column":46},"end":{"line":1,"column":51}},"2":{"start":{"line":3,"column":4},"end":{"line":3,"column":null}},"3":{"start":{"line":5,"column":0},"end":{"line":5,"column":null}}},"fnMap":{"0":{"name":"(anonymous_6)","decl":{"start":{"line":1,"column":0},"end":{"line":1,"column":46}},"loc":{"start":{"line":1,"column":0},"end":{"line":5,"column":null}}},"1":{"name":"InvalidJsonError","decl":{"start":{"line":2,"column":2},"end":{"line":2,"column":14}},"loc":{"start":{"line":2,"column":30},"end":{"line":4,"column":3}}}},"branchMap":{"0":{"loc":{"start":{"line":3,"column":4},"end":{"line":3,"column":49}},"type":"binary-expr","locations":[{"start":{"line":3,"column":4},"end":{"line":3,"column":49}},{"start":{"line":3,"column":49},"end":{"line":3,"column":null}}]}},"s":{"0":1,"1":1,"2":0,"3":1},"f":{"0":1,"1":0},"b":{"0":[0,0]}}
,"/Users/ryanlondon/Documents/Experiments/ts-json-parser/src/lib/Stream.ts": {"path":"/Users/ryanlondon/Documents/Experiments/ts-json-parser/src/lib/Stream.ts","statementMap":{"0":{"start":{"line":9,"column":0},"end":{"line":9,"column":13}},"1":{"start":{"line":13,"column":2},"end":{"line":13,"column":14}},"2":{"start":{"line":18,"column":2},"end":{"line":18,"column":42}},"3":{"start":{"line":18,"column":15},"end":{"line":18,"column":42}},"4":{"start":{"line":19,"column":2},"end":{"line":19,"column":44}},"5":{"start":{"line":19,"column":15},"end":{"line":19,"column":44}},"6":{"start":{"line":20,"column":2},"end":{"line":20,"column":40}},"7":{"start":{"line":20,"column":14},"end":{"line":20,"column":40}},"8":{"start":{"line":22,"column":2},"end":{"line":28,"column":4}},"9":{"start":{"line":23,"column":17},"end":{"line":23,"column":19}},"10":{"start":{"line":24,"column":4},"end":{"line":26,"column":null}},"11":{"start":{"line":25,"column":6},"end":{"line":25,"column":28}},"12":{"start":{"line":27,"column":4},"end":{"line":27,"column":18}},"13":{"start":{"line":14,"column":4},"end":{"line":14,"column":22}},"14":{"start":{"line":15,"column":4},"end":{"line":15,"column":25}},"15":{"start":{"line":29,"column":0},"end":{"line":29,"column":null}},"16":{"start":{"line":9,"column":13},"end":{"line":9,"column":19}}},"fnMap":{"0":{"name":"(anonymous_0)","decl":{"start":{"line":9,"column":0},"end":{"line":9,"column":13}},"loc":{"start":{"line":9,"column":0},"end":{"line":29,"column":null}}},"1":{"name":"Stream","decl":{"start":{"line":13,"column":2},"end":{"line":13,"column":14}},"loc":{"start":{"line":13,"column":28},"end":{"line":16,"column":3}}},"2":{"name":"(anonymous_2)","decl":{"start":{"line":18,"column":9},"end":{"line":18,"column":15}},"loc":{"start":{"line":18,"column":9},"end":{"line":18,"column":19}}},"3":{"name":"(anonymous_3)","decl":{"start":{"line":19,"column":9},"end":{"line":19,"column":15}},"loc":{"start":{"line":19,"column":9},"end":{"line":19,"column":19}}},"4":{"name":"(anonymous_4)","decl":{"start":{"line":20,"column":8},"end":{"line":20,"column":14}},"loc":{"start":{"line":20,"column":8},"end":{"line":20,"column":18}}},"5":{"name":"(anonymous_5)","decl":{"start":{"line":22,"column":14},"end":{"line":22,"column":15}},"loc":{"start":{"line":22,"column":34},"end":{"line":28,"column":3}}}},"branchMap":{"0":{"loc":{"start":{"line":24,"column":11},"end":{"line":24,"column":22}},"type":"binary-expr","locations":[{"start":{"line":24,"column":11},"end":{"line":24,"column":22}},{"start":{"line":24,"column":26},"end":{"line":24,"column":48}}]}},"s":{"0":2,"1":27,"2":27,"3":149,"4":27,"5":105,"6":27,"7":98,"8":27,"9":7,"10":7,"11":37,"12":7,"13":27,"14":27,"15":2,"16":2},"f":{"0":2,"1":27,"2":149,"3":105,"4":98,"5":7},"b":{"0":[44,38]}}
,"/Users/ryanlondon/Documents/Experiments/ts-json-parser/src/lib/Tokenize.ts": {"path":"/Users/ryanlondon/Documents/Experiments/ts-json-parser/src/lib/Tokenize.ts","statementMap":{"0":{"start":{"line":1,"column":0},"end":{"line":1,"column":34}},"1":{"start":{"line":2,"column":0},"end":{"line":2,"column":62}},"2":{"start":{"line":3,"column":0},"end":{"line":3,"column":50}},"3":{"start":{"line":9,"column":0},"end":{"line":9,"column":null}},"4":{"start":{"line":9,"column":30},"end":{"line":9,"column":36}},"5":{"start":{"line":11,"column":4},"end":{"line":11,"column":null}},"6":{"start":{"line":14,"column":2},"end":{"line":24,"column":4}},"7":{"start":{"line":15,"column":4},"end":{"line":15,"column":32}},"8":{"start":{"line":15,"column":20},"end":{"line":15,"column":32}},"9":{"start":{"line":16,"column":17},"end":{"line":16,"column":28}},"10":{"start":{"line":18,"column":4},"end":{"line":18,"column":54}},"11":{"start":{"line":18,"column":29},"end":{"line":18,"column":54}},"12":{"start":{"line":19,"column":4},"end":{"line":19,"column":55}},"13":{"start":{"line":19,"column":29},"end":{"line":19,"column":55}},"14":{"start":{"line":20,"column":4},"end":{"line":20,"column":47}},"15":{"start":{"line":20,"column":22},"end":{"line":20,"column":47}},"16":{"start":{"line":21,"column":4},"end":{"line":21,"column":46}},"17":{"start":{"line":21,"column":22},"end":{"line":21,"column":46}},"18":{"start":{"line":22,"column":4},"end":{"line":22,"column":47}},"19":{"start":{"line":22,"column":22},"end":{"line":22,"column":47}},"20":{"start":{"line":23,"column":4},"end":{"line":23,"column":16}},"21":{"start":{"line":26,"column":10},"end":{"line":35,"column":4}},"22":{"start":{"line":27,"column":4},"end":{"line":30,"column":null}},"23":{"start":{"line":28,"column":6},"end":{"line":28,"column":18}},"24":{"start":{"line":29,"column":6},"end":{"line":29,"column":18}},"25":{"start":{"line":31,"column":4},"end":{"line":33,"column":null}},"26":{"start":{"line":32,"column":6},"end":{"line":32,"column":18}},"27":{"start":{"line":34,"column":4},"end":{"line":34,"column":17}},"28":{"start":{"line":37,"column":2},"end":{"line":62,"column":4}},"29":{"start":{"line":38,"column":20},"end":{"line":38,"column":25}},"30":{"start":{"line":39,"column":16},"end":{"line":39,"column":18}},"31":{"start":{"line":40,"column":4},"end":{"line":40,"column":16}},"32":{"start":{"line":42,"column":4},"end":{"line":60,"column":null}},"33":{"start":{"line":43,"column":19},"end":{"line":43,"column":30}},"34":{"start":{"line":44,"column":6},"end":{"line":59,"column":null}},"35":{"start":{"line":45,"column":8},"end":{"line":45,"column":56}},"36":{"start":{"line":45,"column":42},"end":{"line":45,"column":56}},"37":{"start":{"line":46,"column":8},"end":{"line":46,"column":41}},"38":{"start":{"line":46,"column":27},"end":{"line":46,"column":41}},"39":{"start":{"line":47,"column":8},"end":{"line":47,"column":40}},"40":{"start":{"line":47,"column":26},"end":{"line":47,"column":40}},"41":{"start":{"line":48,"column":8},"end":{"line":48,"column":40}},"42":{"start":{"line":48,"column":26},"end":{"line":48,"column":40}},"43":{"start":{"line":49,"column":8},"end":{"line":49,"column":40}},"44":{"start":{"line":49,"column":26},"end":{"line":49,"column":40}},"45":{"start":{"line":50,"column":8},"end":{"line":50,"column":40}},"46":{"start":{"line":50,"column":26},"end":{"line":50,"column":40}},"47":{"start":{"line":51,"column":8},"end":{"line":51,"column":40}},"48":{"start":{"line":51,"column":26},"end":{"line":51,"column":40}},"49":{"start":{"line":52,"column":8},"end":{"line":52,"column":26}},"50":{"start":{"line":53,"column":13},"end":{"line":59,"column":null}},"51":{"start":{"line":54,"column":8},"end":{"line":54,"column":25}},"52":{"start":{"line":55,"column":13},"end":{"line":59,"column":null}},"53":{"start":{"line":56,"column":8},"end":{"line":56,"column":14}},"54":{"start":{"line":58,"column":8},"end":{"line":58,"column":22}},"55":{"start":{"line":61,"column":4},"end":{"line":61,"column":17}},"56":{"start":{"line":64,"column":2},"end":{"line":64,"column":63}},"57":{"start":{"line":64,"column":21},"end":{"line":64,"column":63}},"58":{"start":{"line":66,"column":2},"end":{"line":73,"column":4}},"59":{"start":{"line":67,"column":20},"end":{"line":67,"column":49}},"60":{"start":{"line":68,"column":4},"end":{"line":68,"column":40}},"61":{"start":{"line":68,"column":28},"end":{"line":68,"column":40}},"62":{"start":{"line":69,"column":4},"end":{"line":69,"column":42}},"63":{"start":{"line":69,"column":29},"end":{"line":69,"column":42}},"64":{"start":{"line":70,"column":4},"end":{"line":70,"column":40}},"65":{"start":{"line":70,"column":28},"end":{"line":70,"column":40}},"66":{"start":{"line":72,"column":4},"end":{"line":72,"column":46}},"67":{"start":{"line":75,"column":2},"end":{"line":82,"column":4}},"68":{"start":{"line":76,"column":18},"end":{"line":76,"column":34}},"69":{"start":{"line":77,"column":4},"end":{"line":77,"column":16}},"70":{"start":{"line":78,"column":4},"end":{"line":80,"column":null}},"71":{"start":{"line":79,"column":6},"end":{"line":79,"column":39}},"72":{"start":{"line":81,"column":4},"end":{"line":81,"column":17}},"73":{"start":{"line":84,"column":2},"end":{"line":97,"column":4}},"74":{"start":{"line":85,"column":23},"end":{"line":85,"column":25}},"75":{"start":{"line":86,"column":4},"end":{"line":86,"column":16}},"76":{"start":{"line":87,"column":4},"end":{"line":95,"column":null}},"77":{"start":{"line":88,"column":18},"end":{"line":88,"column":38}},"78":{"start":{"line":89,"column":6},"end":{"line":91,"column":null}},"79":{"start":{"line":90,"column":8},"end":{"line":90,"column":50}},"80":{"start":{"line":92,"column":6},"end":{"line":92,"column":18}},"81":{"start":{"line":93,"column":20},"end":{"line":93,"column":40}},"82":{"start":{"line":94,"column":6},"end":{"line":94,"column":25}},"83":{"start":{"line":96,"column":4},"end":{"line":96,"column":17}},"84":{"start":{"line":98,"column":0},"end":{"line":98,"column":null}},"85":{"start":{"line":9,"column":13},"end":{"line":9,"column":21}}},"fnMap":{"0":{"name":"(anonymous_7)","decl":{"start":{"line":9,"column":0},"end":{"line":9,"column":13}},"loc":{"start":{"line":9,"column":0},"end":{"line":98,"column":null}}},"1":{"name":"Tokenize","decl":{"start":{"line":10,"column":2},"end":{"line":10,"column":14}},"loc":{"start":{"line":10,"column":26},"end":{"line":12,"column":3}}},"2":{"name":"(anonymous_9)","decl":{"start":{"line":14,"column":18},"end":{"line":14,"column":null}},"loc":{"start":{"line":14,"column":18},"end":{"line":24,"column":3}}},"3":{"name":"(anonymous_10)","decl":{"start":{"line":26,"column":26},"end":{"line":26,"column":27}},"loc":{"start":{"line":26,"column":46},"end":{"line":35,"column":3}}},"4":{"name":"(anonymous_11)","decl":{"start":{"line":37,"column":15},"end":{"line":37,"column":null}},"loc":{"start":{"line":37,"column":15},"end":{"line":62,"column":3}}},"5":{"name":"(anonymous_12)","decl":{"start":{"line":64,"column":15},"end":{"line":64,"column":21}},"loc":{"start":{"line":64,"column":15},"end":{"line":64,"column":31}}},"6":{"name":"(anonymous_13)","decl":{"start":{"line":66,"column":16},"end":{"line":66,"column":null}},"loc":{"start":{"line":66,"column":16},"end":{"line":73,"column":3}}},"7":{"name":"(anonymous_14)","decl":{"start":{"line":75,"column":14},"end":{"line":75,"column":null}},"loc":{"start":{"line":75,"column":14},"end":{"line":82,"column":3}}},"8":{"name":"(anonymous_15)","decl":{"start":{"line":84,"column":15},"end":{"line":84,"column":null}},"loc":{"start":{"line":84,"column":15},"end":{"line":97,"column":3}}}},"branchMap":{"0":{"loc":{"start":{"line":11,"column":4},"end":{"line":11,"column":15}},"type":"binary-expr","locations":[{"start":{"line":11,"column":4},"end":{"line":11,"column":15}},{"start":{"line":11,"column":15},"end":{"line":11,"column":null}}]},"1":{"loc":{"start":{"line":15,"column":4},"end":{"line":15,"column":32}},"type":"if","locations":[{"start":{"line":15,"column":4},"end":{"line":15,"column":32}},{"start":{"line":15,"column":4},"end":{"line":15,"column":32}}]},"2":{"loc":{"start":{"line":18,"column":4},"end":{"line":18,"column":54}},"type":"if","locations":[{"start":{"line":18,"column":4},"end":{"line":18,"column":54}},{"start":{"line":18,"column":4},"end":{"line":18,"column":54}}]},"3":{"loc":{"start":{"line":19,"column":4},"end":{"line":19,"column":55}},"type":"if","locations":[{"start":{"line":19,"column":4},"end":{"line":19,"column":55}},{"start":{"line":19,"column":4},"end":{"line":19,"column":55}}]},"4":{"loc":{"start":{"line":20,"column":4},"end":{"line":20,"column":47}},"type":"if","locations":[{"start":{"line":20,"column":4},"end":{"line":20,"column":47}},{"start":{"line":20,"column":4},"end":{"line":20,"column":47}}]},"5":{"loc":{"start":{"line":21,"column":4},"end":{"line":21,"column":46}},"type":"if","locations":[{"start":{"line":21,"column":4},"end":{"line":21,"column":46}},{"start":{"line":21,"column":4},"end":{"line":21,"column":46}}]},"6":{"loc":{"start":{"line":22,"column":4},"end":{"line":22,"column":47}},"type":"if","locations":[{"start":{"line":22,"column":4},"end":{"line":22,"column":47}},{"start":{"line":22,"column":4},"end":{"line":22,"column":47}}]},"7":{"loc":{"start":{"line":27,"column":4},"end":{"line":30,"column":null}},"type":"if","locations":[{"start":{"line":27,"column":4},"end":{"line":30,"column":null}},{"start":{"line":27,"column":4},"end":{"line":30,"column":null}}]},"8":{"loc":{"start":{"line":31,"column":4},"end":{"line":33,"column":null}},"type":"if","locations":[{"start":{"line":31,"column":4},"end":{"line":33,"column":null}},{"start":{"line":31,"column":4},"end":{"line":33,"column":null}}]},"9":{"loc":{"start":{"line":44,"column":6},"end":{"line":59,"column":null}},"type":"if","locations":[{"start":{"line":44,"column":6},"end":{"line":59,"column":null}},{"start":{"line":44,"column":6},"end":{"line":59,"column":null}}]},"10":{"loc":{"start":{"line":45,"column":8},"end":{"line":45,"column":56}},"type":"if","locations":[{"start":{"line":45,"column":8},"end":{"line":45,"column":56}},{"start":{"line":45,"column":8},"end":{"line":45,"column":56}}]},"11":{"loc":{"start":{"line":45,"column":12},"end":{"line":45,"column":24}},"type":"binary-expr","locations":[{"start":{"line":45,"column":12},"end":{"line":45,"column":24}},{"start":{"line":45,"column":28},"end":{"line":45,"column":40}}]},"12":{"loc":{"start":{"line":46,"column":8},"end":{"line":46,"column":41}},"type":"if","locations":[{"start":{"line":46,"column":8},"end":{"line":46,"column":41}},{"start":{"line":46,"column":8},"end":{"line":46,"column":41}}]},"13":{"loc":{"start":{"line":47,"column":8},"end":{"line":47,"column":40}},"type":"if","locations":[{"start":{"line":47,"column":8},"end":{"line":47,"column":40}},{"start":{"line":47,"column":8},"end":{"line":47,"column":40}}]},"14":{"loc":{"start":{"line":48,"column":8},"end":{"line":48,"column":40}},"type":"if","locations":[{"start":{"line":48,"column":8},"end":{"line":48,"column":40}},{"start":{"line":48,"column":8},"end":{"line":48,"column":40}}]},"15":{"loc":{"start":{"line":49,"column":8},"end":{"line":49,"column":40}},"type":"if","locations":[{"start":{"line":49,"column":8},"end":{"line":49,"column":40}},{"start":{"line":49,"column":8},"end":{"line":49,"column":40}}]},"16":{"loc":{"start":{"line":50,"column":8},"end":{"line":50,"column":40}},"type":"if","locations":[{"start":{"line":50,"column":8},"end":{"line":50,"column":40}},{"start":{"line":50,"column":8},"end":{"line":50,"column":40}}]},"17":{"loc":{"start":{"line":51,"column":8},"end":{"line":51,"column":40}},"type":"if","locations":[{"start":{"line":51,"column":8},"end":{"line":51,"column":40}},{"start":{"line":51,"column":8},"end":{"line":51,"column":40}}]},"18":{"loc":{"start":{"line":53,"column":13},"end":{"line":59,"column":null}},"type":"if","locations":[{"start":{"line":53,"column":13},"end":{"line":59,"column":null}},{"start":{"line":53,"column":13},"end":{"line":59,"column":null}}]},"19":{"loc":{"start":{"line":55,"column":13},"end":{"line":59,"column":null}},"type":"if","locations":[{"start":{"line":55,"column":13},"end":{"line":59,"column":null}},{"start":{"line":55,"column":13},"end":{"line":59,"column":null}}]},"20":{"loc":{"start":{"line":68,"column":4},"end":{"line":68,"column":40}},"type":"if","locations":[{"start":{"line":68,"column":4},"end":{"line":68,"column":40}},{"start":{"line":68,"column":4},"end":{"line":68,"column":40}}]},"21":{"loc":{"start":{"line":69,"column":4},"end":{"line":69,"column":42}},"type":"if","locations":[{"start":{"line":69,"column":4},"end":{"line":69,"column":42}},{"start":{"line":69,"column":4},"end":{"line":69,"column":42}}]},"22":{"loc":{"start":{"line":70,"column":4},"end":{"line":70,"column":40}},"type":"if","locations":[{"start":{"line":70,"column":4},"end":{"line":70,"column":40}},{"start":{"line":70,"column":4},"end":{"line":70,"column":40}}]},"23":{"loc":{"start":{"line":89,"column":6},"end":{"line":91,"column":null}},"type":"if","locations":[{"start":{"line":89,"column":6},"end":{"line":91,"column":null}},{"start":{"line":89,"column":6},"end":{"line":91,"column":null}}]},"24":{"loc":{"start":{"line":89,"column":10},"end":{"line":89,"column":33}},"type":"binary-expr","locations":[{"start":{"line":89,"column":10},"end":{"line":89,"column":33}},{"start":{"line":89,"column":37},"end":{"line":89,"column":48}}]}},"s":{"0":1,"1":1,"2":1,"3":1,"4":1,"5":15,"6":15,"7":2,"8":0,"9":2,"10":2,"11":0,"12":2,"13":0,"14":2,"15":0,"16":2,"17":2,"18":0,"19":0,"20":0,"21":15,"22":6,"23":4,"24":4,"25":2,"26":0,"27":2,"28":15,"29":3,"30":3,"31":3,"32":3,"33":48,"34":48,"35":4,"36":2,"37":4,"38":2,"39":4,"40":0,"41":4,"42":0,"43":4,"44":0,"45":4,"46":0,"47":4,"48":0,"49":4,"50":44,"51":4,"52":40,"53":3,"54":37,"55":3,"56":15,"57":2,"58":15,"59":3,"60":3,"61":1,"62":2,"63":1,"64":1,"65":1,"66":0,"67":15,"68":4,"69":4,"70":4,"71":2,"72":4,"73":15,"74":0,"75":0,"76":0,"77":0,"78":0,"79":0,"80":0,"81":0,"82":0,"83":0,"84":1,"85":1},"f":{"0":1,"1":15,"2":2,"3":6,"4":3,"5":2,"6":3,"7":4,"8":0},"b":{"0":[15,15],"1":[0,2],"2":[0,2],"3":[0,2],"4":[0,2],"5":[2,0],"6":[0,0],"7":[4,2],"8":[0,2],"9":[4,44],"10":[2,2],"11":[4,2],"12":[2,2],"13":[0,4],"14":[0,4],"15":[0,4],"16":[0,4],"17":[0,4],"18":[4,40],"19":[3,37],"20":[1,2],"21":[1,1],"22":[1,0],"23":[0,0],"24":[0,0]}}
,"/Users/ryanlondon/Documents/Experiments/ts-json-parser/src/lib/regexHelpers.ts": {"path":"/Users/ryanlondon/Documents/Experiments/ts-json-parser/src/lib/regexHelpers.ts","statementMap":{"0":{"start":{"line":1,"column":13},"end":{"line":1,"column":68}},"1":{"start":{"line":1,"column":47},"end":{"line":1,"column":68}},"2":{"start":{"line":2,"column":13},"end":{"line":2,"column":72}},"3":{"start":{"line":2,"column":47},"end":{"line":2,"column":72}}},"fnMap":{"0":{"name":"(anonymous_0)","decl":{"start":{"line":1,"column":29},"end":{"line":1,"column":30}},"loc":{"start":{"line":1,"column":42},"end":{"line":1,"column":56}}},"1":{"name":"(anonymous_1)","decl":{"start":{"line":2,"column":29},"end":{"line":2,"column":30}},"loc":{"start":{"line":2,"column":42},"end":{"line":2,"column":60}}}},"branchMap":{},"s":{"0":1,"1":12,"2":1,"3":15},"f":{"0":12,"1":15},"b":{}}
}
