TN:
SF:/Users/ryanlondon/Documents/Experiments/ts-json-parser/src/lib/InvalidJsonError.ts
FN:1,(anonymous_6)
FN:2,InvalidJsonError
FNF:2
FNH:1
FNDA:1,(anonymous_6)
FNDA:0,InvalidJsonError
DA:1,1
DA:3,0
DA:5,1
LF:3
LH:2
BRDA:3,0,0,0
BRDA:3,0,1,0
BRF:2
BRH:0
end_of_record
TN:
SF:/Users/ryanlondon/Documents/Experiments/ts-json-parser/src/lib/Stream.ts
FN:9,(anonymous_0)
FN:13,Stream
FN:18,(anonymous_2)
FN:19,(anonymous_3)
FN:20,(anonymous_4)
FN:22,(anonymous_5)
FNF:6
FNH:6
FNDA:2,(anonymous_0)
FNDA:27,Stream
FNDA:149,(anonymous_2)
FNDA:105,(anonymous_3)
FNDA:98,(anonymous_4)
FNDA:7,(anonymous_5)
DA:9,2
DA:13,27
DA:14,27
DA:15,27
DA:18,149
DA:19,105
DA:20,98
DA:22,27
DA:23,7
DA:24,7
DA:25,37
DA:27,7
DA:29,2
LF:13
LH:13
BRDA:24,0,0,44
BRDA:24,0,1,38
BRF:2
BRH:2
end_of_record
TN:
SF:/Users/ryanlondon/Documents/Experiments/ts-json-parser/src/lib/Tokenize.ts
FN:9,(anonymous_7)
FN:10,Tokenize
FN:14,(anonymous_9)
FN:26,(anonymous_10)
FN:37,(anonymous_11)
FN:64,(anonymous_12)
FN:66,(anonymous_13)
FN:75,(anonymous_14)
FN:84,(anonymous_15)
FNF:9
FNH:8
FNDA:1,(anonymous_7)
FNDA:15,Tokenize
FNDA:2,(anonymous_9)
FNDA:6,(anonymous_10)
FNDA:3,(anonymous_11)
FNDA:2,(anonymous_12)
FNDA:3,(anonymous_13)
FNDA:4,(anonymous_14)
FNDA:0,(anonymous_15)
DA:1,1
DA:2,1
DA:3,1
DA:9,1
DA:11,15
DA:14,15
DA:15,2
DA:16,2
DA:18,2
DA:19,2
DA:20,2
DA:21,2
DA:22,0
DA:23,0
DA:26,15
DA:27,6
DA:28,4
DA:29,4
DA:31,2
DA:32,0
DA:34,2
DA:37,15
DA:38,3
DA:39,3
DA:40,3
DA:42,3
DA:43,48
DA:44,48
DA:45,4
DA:46,4
DA:47,4
DA:48,4
DA:49,4
DA:50,4
DA:51,4
DA:52,4
DA:53,44
DA:54,4
DA:55,40
DA:56,3
DA:58,37
DA:61,3
DA:64,15
DA:66,15
DA:67,3
DA:68,3
DA:69,2
DA:70,1
DA:72,0
DA:75,15
DA:76,4
DA:77,4
DA:78,4
DA:79,2
DA:81,4
DA:84,15
DA:85,0
DA:86,0
DA:87,0
DA:88,0
DA:89,0
DA:90,0
DA:92,0
DA:93,0
DA:94,0
DA:96,0
DA:98,1
LF:67
LH:53
BRDA:11,0,0,15
BRDA:11,0,1,15
BRDA:15,1,0,0
BRDA:15,1,1,2
BRDA:18,2,0,0
BRDA:18,2,1,2
BRDA:19,3,0,0
BRDA:19,3,1,2
BRDA:20,4,0,0
BRDA:20,4,1,2
BRDA:21,5,0,2
BRDA:21,5,1,0
BRDA:22,6,0,0
BRDA:22,6,1,0
BRDA:27,7,0,4
BRDA:27,7,1,2
BRDA:31,8,0,0
BRDA:31,8,1,2
BRDA:44,9,0,4
BRDA:44,9,1,44
BRDA:45,10,0,2
BRDA:45,10,1,2
BRDA:45,11,0,4
BRDA:45,11,1,2
BRDA:46,12,0,2
BRDA:46,12,1,2
BRDA:47,13,0,0
BRDA:47,13,1,4
BRDA:48,14,0,0
BRDA:48,14,1,4
BRDA:49,15,0,0
BRDA:49,15,1,4
BRDA:50,16,0,0
BRDA:50,16,1,4
BRDA:51,17,0,0
BRDA:51,17,1,4
BRDA:53,18,0,4
BRDA:53,18,1,40
BRDA:55,19,0,3
BRDA:55,19,1,37
BRDA:68,20,0,1
BRDA:68,20,1,2
BRDA:69,21,0,1
BRDA:69,21,1,1
BRDA:70,22,0,1
BRDA:70,22,1,0
BRDA:89,23,0,0
BRDA:89,23,1,0
BRDA:89,24,0,0
BRDA:89,24,1,0
BRF:50
BRH:32
end_of_record
TN:
SF:/Users/ryanlondon/Documents/Experiments/ts-json-parser/src/lib/regexHelpers.ts
FN:1,(anonymous_0)
FN:2,(anonymous_1)
FNF:2
FNH:2
FNDA:12,(anonymous_0)
FNDA:15,(anonymous_1)
DA:1,12
DA:2,15
LF:2
LH:2
BRF:0
BRH:0
end_of_record
